[debug] [2021-04-07T01:55:50.934Z] ----------------------------------------------------------------------
[debug] [2021-04-07T01:55:50.939Z] Command:       C:\Program Files\nodejs\node.exe C:\Users\alber\AppData\Roaming\npm\node_modules\firebase-tools\lib\bin\firebase.js deploy --only hosting
[debug] [2021-04-07T01:55:50.939Z] CLI Version:   9.9.0
[debug] [2021-04-07T01:55:50.939Z] Platform:      win32
[debug] [2021-04-07T01:55:50.939Z] Node Version:  v14.15.3
[debug] [2021-04-07T01:55:50.941Z] Time:          Tue Apr 06 2021 20:55:50 GMT-0500 (hora estándar de Colombia)
[debug] [2021-04-07T01:55:50.941Z] ----------------------------------------------------------------------
[debug] 
[debug] [2021-04-07T01:55:50.954Z] > command requires scopes: ["email","openid","https://www.googleapis.com/auth/cloudplatformprojects.readonly","https://www.googleapis.com/auth/firebase","https://www.googleapis.com/auth/cloud-platform"]
[debug] [2021-04-07T01:55:50.955Z] > authorizing via signed-in user (albertoferro@gmail.com)
[debug] [2021-04-07T01:55:50.955Z] [iam] checking project lionmane-9963d for permissions ["firebase.projects.get","firebasehosting.sites.update"]
[debug] [2021-04-07T01:55:50.958Z] >>> HTTP REQUEST POST https://cloudresourcemanager.googleapis.com/v1/projects/lionmane-9963d:testIamPermissions  
 {"permissions":["firebase.projects.get","firebasehosting.sites.update"]}
[debug] [2021-04-07T01:55:51.013Z] [iam] error while checking permissions, command may fail: FirebaseError: Server Error. getaddrinfo ENOTFOUND cloudresourcemanager.googleapis.com
[debug] [2021-04-07T01:55:51.019Z] > refreshing access token with scopes: []
[debug] [2021-04-07T01:55:51.020Z] >>> HTTP REQUEST POST https://www.googleapis.com/oauth2/v3/token  
 <request body omitted>
[debug] [2021-04-07T01:55:51.041Z] Authentication Error: Your credentials are no longer valid. Please run firebase login --reauth

For CI servers and headless environments, generate a new token with firebase login:ci
[debug] [2021-04-07T01:55:51.048Z] FirebaseError: Authentication Error: Your credentials are no longer valid. Please run firebase login --reauth

For CI servers and headless environments, generate a new token with firebase login:ci
    at invalidCredentialError (C:\Users\alber\AppData\Roaming\npm\node_modules\firebase-tools\lib\auth.js:141:12)
    at refreshTokens (C:\Users\alber\AppData\Roaming\npm\node_modules\firebase-tools\lib\auth.js:450:15)
    at processTicksAndRejections (internal/process/task_queues.js:93:5)
    at async Client.getAccessToken (C:\Users\alber\AppData\Roaming\npm\node_modules\firebase-tools\lib\apiv2.js:144:23)
    at async Client.addAuthHeader (C:\Users\alber\AppData\Roaming\npm\node_modules\firebase-tools\lib\apiv2.js:135:21)
    at async Client.request (C:\Users\alber\AppData\Roaming\npm\node_modules\firebase-tools\lib\apiv2.js:93:34)
    at async Object.getFirebaseProject (C:\Users\alber\AppData\Roaming\npm\node_modules\firebase-tools\lib\management\projects.js:290:21)
    at async Object.getDefaultHostingSite (C:\Users\alber\AppData\Roaming\npm\node_modules\firebase-tools\lib\getDefaultHostingSite.js:8:21)
    at async requireHostingSite (C:\Users\alber\AppData\Roaming\npm\node_modules\firebase-tools\lib\requireHostingSite.js:9:18)
    at async Object.fn (C:\Users\alber\AppData\Roaming\npm\node_modules\firebase-tools\lib\commands\deploy.js:66:9)
    at async C:\Users\alber\AppData\Roaming\npm\node_modules\firebase-tools\lib\command.js:169:17
[error] 
[error] Error: Failed to get Firebase project lionmane-9963d. Please make sure the project exists and your account has permission to access it.
